2025-06-16 20:44:03.931 [info] Reading sessions from keychain...
2025-06-16 20:44:03.931 [info] Getting sessions for all scopes...
2025-06-16 20:44:03.931 [info] Getting sessions for all scopes...
2025-06-16 20:44:03.931 [info] Getting sessions for all scopes...
2025-06-16 20:44:03.931 [info] Getting sessions for all scopes...
2025-06-16 20:44:03.931 [info] Getting sessions for user:email...
2025-06-16 20:44:03.931 [info] Getting sessions for all scopes...
2025-06-16 20:44:03.931 [info] Getting sessions for all scopes...
2025-06-16 20:44:03.931 [info] Getting sessions for all scopes...
2025-06-16 20:44:03.931 [info] Getting sessions for all scopes...
2025-06-16 20:44:03.931 [info] Getting sessions for all scopes...
2025-06-16 20:44:03.931 [info] Got stored sessions!
2025-06-16 20:44:03.931 [info] Got 6 verified sessions.
2025-06-16 20:44:03.931 [info] Got 6 sessions for ...
2025-06-16 20:44:03.931 [info] Got 6 sessions for ...
2025-06-16 20:44:03.931 [info] Got 6 sessions for ...
2025-06-16 20:44:03.931 [info] Got 6 sessions for ...
2025-06-16 20:44:03.931 [info] Got 1 sessions for user:email...
2025-06-16 20:44:03.931 [info] Got 6 sessions for ...
2025-06-16 20:44:03.931 [info] Got 6 sessions for ...
2025-06-16 20:44:03.931 [info] Got 6 sessions for ...
2025-06-16 20:44:03.931 [info] Got 6 sessions for ...
2025-06-16 20:44:03.931 [info] Got 6 sessions for ...
2025-06-16 20:44:04.028 [info] Getting sessions for codespace,read:user,repo,user:email...
2025-06-16 20:44:04.028 [info] Getting sessions for all scopes...
2025-06-16 20:44:04.028 [info] Getting sessions for all scopes...
2025-06-16 20:44:04.028 [info] Getting sessions for all scopes...
2025-06-16 20:44:04.028 [info] Getting sessions for all scopes...
2025-06-16 20:44:04.028 [info] Got 1 sessions for codespace,read:user,repo,user:email...
2025-06-16 20:44:04.028 [info] Got 6 sessions for ...
2025-06-16 20:44:04.029 [info] Got 6 sessions for ...
2025-06-16 20:44:04.029 [info] Got 6 sessions for ...
2025-06-16 20:44:04.029 [info] Got 6 sessions for ...
2025-06-16 20:44:04.047 [info] Getting sessions for all scopes...
2025-06-16 20:44:04.047 [info] Getting sessions for all scopes...
2025-06-16 20:44:04.047 [info] Getting sessions for all scopes...
2025-06-16 20:44:04.047 [info] Got 6 sessions for ...
2025-06-16 20:44:04.047 [info] Got 6 sessions for ...
2025-06-16 20:44:04.047 [info] Got 6 sessions for ...
2025-06-16 20:44:04.574 [info] Getting sessions for all scopes...
2025-06-16 20:44:04.574 [info] Got 6 sessions for ...
2025-06-16 20:44:05.779 [info] Getting sessions for all scopes...
2025-06-16 20:44:05.779 [info] Got 6 sessions for ...
2025-06-16 20:44:06.264 [info] Getting sessions for all scopes...
2025-06-16 20:44:06.269 [info] Got 6 sessions for ...
2025-06-16 20:44:06.934 [info] Getting sessions for all scopes...
2025-06-16 20:44:06.934 [info] Got 6 sessions for ...
2025-06-16 20:44:07.947 [info] Getting sessions for all scopes...
2025-06-16 20:44:07.947 [info] Getting sessions for read:user,repo,user:email,workflow...
2025-06-16 20:44:07.947 [info] Got 6 sessions for ...
2025-06-16 20:44:07.947 [info] Got 1 sessions for read:user,repo,user:email,workflow...
2025-06-16 20:44:08.873 [info] Getting sessions for project,read:org,read:user,repo,user:email,workflow...
2025-06-16 20:44:08.873 [info] Got 0 sessions for project,read:org,read:user,repo,user:email,workflow...
2025-06-16 20:44:09.851 [info] Getting sessions for read:user,repo,user:email,workflow...
2025-06-16 20:44:09.852 [info] Got 1 sessions for read:user,repo,user:email,workflow...
2025-06-16 20:45:02.512 [info] Getting sessions for all scopes...
2025-06-16 20:45:02.512 [info] Got 6 sessions for ...
2025-06-16 20:45:03.649 [info] Getting sessions for all scopes...
2025-06-16 20:45:03.649 [info] Getting sessions for all scopes...
2025-06-16 20:45:03.649 [info] Getting sessions for read:user,repo,user:email,workflow...
2025-06-16 20:45:03.649 [info] Getting sessions for all scopes...
2025-06-16 20:45:03.649 [info] Got 6 sessions for ...
2025-06-16 20:45:03.649 [info] Got 6 sessions for ...
2025-06-16 20:45:03.649 [info] Got 1 sessions for read:user,repo,user:email,workflow...
2025-06-16 20:45:03.649 [info] Got 6 sessions for ...
2025-06-16 20:45:04.237 [info] Getting sessions for read:user,repo,user:email,workflow...
2025-06-16 20:45:04.237 [info] Got 1 sessions for read:user,repo,user:email,workflow...
2025-06-16 20:45:04.498 [info] Getting sessions for all scopes...
2025-06-16 20:45:04.498 [info] Getting sessions for all scopes...
2025-06-16 20:45:04.498 [info] Got 6 sessions for ...
2025-06-16 20:45:04.498 [info] Got 6 sessions for ...
2025-06-16 20:45:04.708 [info] Getting sessions for read:user,repo,user:email,workflow...
2025-06-16 20:45:04.708 [info] Got 1 sessions for read:user,repo,user:email,workflow...
2025-06-16 20:45:05.005 [info] Getting sessions for all scopes...
2025-06-16 20:45:05.005 [info] Got 6 sessions for ...
2025-06-16 20:45:05.214 [info] Getting sessions for read:user,repo,user:email,workflow...
2025-06-16 20:45:05.214 [info] Got 1 sessions for read:user,repo,user:email,workflow...
2025-06-16 20:45:06.955 [info] Getting sessions for all scopes...
2025-06-16 20:45:06.955 [info] Getting sessions for all scopes...
2025-06-16 20:45:06.955 [info] Got 6 sessions for ...
2025-06-16 20:45:06.955 [info] Got 6 sessions for ...
2025-06-16 20:45:07.297 [info] Getting sessions for read:user,repo,user:email,workflow...
2025-06-16 20:45:07.297 [info] Got 1 sessions for read:user,repo,user:email,workflow...
2025-06-16 20:45:08.642 [info] Getting sessions for all scopes...
2025-06-16 20:45:08.642 [info] Got 6 sessions for ...
2025-06-16 20:45:08.867 [info] Getting sessions for read:user,repo,user:email,workflow...
2025-06-16 20:45:08.867 [info] Got 1 sessions for read:user,repo,user:email,workflow...
2025-06-16 20:45:09.900 [info] Getting sessions for all scopes...
2025-06-16 20:45:09.900 [info] Got 6 sessions for ...
2025-06-16 20:45:09.967 [info] Getting sessions for all scopes...
2025-06-16 20:45:09.967 [info] Got 6 sessions for ...
2025-06-16 20:45:10.116 [info] Getting sessions for read:user,repo,user:email,workflow...
2025-06-16 20:45:10.117 [info] Got 1 sessions for read:user,repo,user:email,workflow...
2025-06-16 20:45:10.272 [info] Getting sessions for all scopes...
2025-06-16 20:45:10.272 [info] Got 6 sessions for ...
2025-06-16 20:45:10.823 [info] Getting sessions for all scopes...
2025-06-16 20:45:10.824 [info] Got 6 sessions for ...
2025-06-16 21:01:50.621 [info] Getting sessions for all scopes...
2025-06-16 21:01:50.621 [info] Got 6 sessions for ...
2025-06-16 21:04:50.629 [info] Getting sessions for read:user,repo,user:email,workflow...
2025-06-16 21:04:50.635 [info] Got 1 sessions for read:user,repo,user:email,workflow...
