[Client I] GitHub Codespaces version 1.17.3
[Client I] isRunningInWeb: "true"
[Client V] Initializing authentication
[API I] Successfully signed in
[Client:extension:1f34 I] initializing
[Client:extension:1f34:resolver I] created with protocol "codespaces"
[RemoteExplorer I] Updating codespace performance info
[DevContainerJsonSupport I] Initializing devcontainer.json support package
[DevContainerJsonSupport V] [2025-06-16T21:05:31.887Z] Internal initialization of dev container support package...

[Client I] Connecting to current codespace: solid-space-spoon-x64gpg7qpg5fp7p7
[Command:Connect I] Decorator starting: ErrorNotification
[Command:Connect I] Decorator starting: Telemetry
[Client I] Jupyter API registered? false
[API:retries-left-2 I] making GET request for "https://api.github.com/user/codespaces/solid-space-spoon-x64gpg7qpg5fp7p7"
[RemoteExplorer I] Updating codespace performance info
[Client:extension:1f34:resolver:resolve:1 I] resolve retry #3
[Client:extension:1f34:resolver:resolve:1 I] resolving "codespaces+solid-space-spoon-x64gpg7qpg5fp7p7"
[Client:extension:1f34:resolver:resolve:1 I] codespace: "solid-space-spoon-x64gpg7qpg5fp7p7", fetching details
[Client:extension:1f34:resolver:resolve:1:fetch-codespace-info I] fetching codespace details for "solid-space-spoon-x64gpg7qpg5fp7p7"
[Client:extension:1f34:resolver:resolve:1:fetch-codespace-info I] signed in, getting the details
[Client:extension:1f34:resolver:resolve:1:fetch-codespace-info I] fetching codespace "solid-space-spoon-x64gpg7qpg5fp7p7" (retries left: 2)
[API:retries-left-2 I] making GET request for "https://api.github.com/user/codespaces/solid-space-spoon-x64gpg7qpg5fp7p7"
[RemoteExplorer I] Updating codespace performance info
[Client:extension:1f34:resolver I] successfully fetched codespace details> object #0: {
  "id": 29809477,
  "name": "<34:<redacted>>",
  "environment_id": "91fd3350-2958-4121-b8b2-2b787c3fae2a",
  "owner": "<undefined:<redacted>>",
  "billable_owner": {
    "login": "AZIIZALOYIBI",
    "id": 122952124,
    "node_id": "U_kgDOB1QZvA",
    "avatar_url": "https://avatars.githubusercontent.com/u/122952124?v=4",
    "gravatar_id": "",
    "url": "https://api.github.com/users/AZIIZALOYIBI",
    "html_url": "https://github.com/AZIIZALOYIBI",
    "followers_url": "https://api.github.com/users/AZIIZALOYIBI/followers",
    "following_url": "https://api.github.com/users/AZIIZALOYIBI/following{/other_user}",
    "gists_url": "https://api.github.com/users/AZIIZALOYIBI/gists{/gist_id}",
    "starred_url": "https://api.github.com/users/AZIIZALOYIBI/starred{/owner}{/repo}",
    "subscriptions_url": "https://api.github.com/users/AZIIZALOYIBI/subscriptions",
    "organizations_url": "https://api.github.com/users/AZIIZALOYIBI/orgs",
    "repos_url": "https://api.github.com/users/AZIIZALOYIBI/repos",
    "events_url": "https://api.github.com/users/AZIIZALOYIBI/events{/privacy}",
    "received_events_url": "https://api.github.com/users/AZIIZALOYIBI/received_events",
    "type": "User",
    "user_view_type": "public",
    "site_admin": false
  },
  "repository": {
    "id": 1003232477,
    "node_id": "R_kgDOO8wc3Q",
    "name": "<16:<redacted>>",
    "full_name": "AZIIZALOYIBI/zad-al-khair-app",
    "private": false,
    "owner": "<undefined:<redacted>>",
    "html_url": "https://github.com/AZIIZALOYIBI/zad-al-khair-app",
    "description": null,
    "fork": false,
    "url": "https://api.github.com/repos/AZIIZALOYIBI/zad-al-khair-app",
    "forks_url": "https://api.github.com/repos/AZIIZALOYIBI/zad-al-khair-app/forks",
    "keys_url": "https://api.github.com/repos/AZIIZALOYIBI/zad-al-khair-app/keys{/key_id}",
    "collaborators_url": "https://api.github.com/repos/AZIIZALOYIBI/zad-al-khair-app/collaborators{/collaborator}",
    "teams_url": "https://api.github.com/repos/AZIIZALOYIBI/zad-al-khair-app/teams",
    "hooks_url": "https://api.github.com/repos/AZIIZALOYIBI/zad-al-khair-app/hooks",
    "issue_events_url": "https://api.github.com/repos/AZIIZALOYIBI/zad-al-khair-app/issues/events{/number}",
    "events_url": "https://api.github.com/repos/AZIIZALOYIBI/zad-al-khair-app/events",
    "assignees_url": "https://api.github.com/repos/AZIIZALOYIBI/zad-al-khair-app/assignees{/user}",
    "branches_url": "https://api.github.com/repos/AZIIZALOYIBI/zad-al-khair-app/branches{/branch}",
    "tags_url": "https://api.github.com/repos/AZIIZALOYIBI/zad-al-khair-app/tags",
    "blobs_url": "https://api.github.com/repos/AZIIZALOYIBI/zad-al-khair-app/git/blobs{/sha}",
    "git_tags_url": "https://api.github.com/repos/AZIIZALOYIBI/zad-al-khair-app/git/tags{/sha}",
    "git_refs_url": "https://api.github.com/repos/AZIIZALOYIBI/zad-al-khair-app/git/refs{/sha}",
    "trees_url": "https://api.github.com/repos/AZIIZALOYIBI/zad-al-khair-app/git/trees{/sha}",
    "statuses_url": "https://api.github.com/repos/AZIIZALOYIBI/zad-al-khair-app/statuses/{sha}",
    "languages_url": "https://api.github.com/repos/AZIIZALOYIBI/zad-al-khair-app/languages",
    "stargazers_url": "https://api.github.com/repos/AZIIZALOYIBI/zad-al-khair-app/stargazers",
    "contributors_url": "https://api.github.com/repos/AZIIZALOYIBI/zad-al-khair-app/contributors",
    "subscribers_url": "https://api.github.com/repos/AZIIZALOYIBI/zad-al-khair-app/subscribers",
    "subscription_url": "https://api.github.com/repos/AZIIZALOYIBI/zad-al-khair-app/subscription",
    "commits_url": "https://api.github.com/repos/AZIIZALOYIBI/zad-al-khair-app/commits{/sha}",
    "git_commits_url": "https://api.github.com/repos/AZIIZALOYIBI/zad-al-khair-app/git/commits{/sha}",
    "comments_url": "https://api.github.com/repos/AZIIZALOYIBI/zad-al-khair-app/comments{/number}",
    "issue_comment_url": "https://api.github.com/repos/AZIIZALOYIBI/zad-al-khair-app/issues/comments{/number}",
    "contents_url": "https://api.github.com/repos/AZIIZALOYIBI/zad-al-khair-app/contents/{+path}",
    "compare_url": "https://api.github.com/repos/AZIIZALOYIBI/zad-al-khair-app/compare/{base}...{head}",
    "merges_url": "https://api.github.com/repos/AZIIZALOYIBI/zad-al-khair-app/merges",
    "archive_url": "https://api.github.com/repos/AZIIZALOYIBI/zad-al-khair-app/{archive_format}{/ref}",
    "downloads_url": "https://api.github.com/repos/AZIIZALOYIBI/zad-al-khair-app/downloads",
    "issues_url": "https://api.github.com/repos/AZIIZALOYIBI/zad-al-khair-app/issues{/number}",
    "pulls_url": "https://api.github.com/repos/AZIIZALOYIBI/zad-al-khair-app/pulls{/number}",
    "milestones_url": "https://api.github.com/repos/AZIIZALOYIBI/zad-al-khair-app/milestones{/number}",
    "notifications_url": "https://api.github.com/repos/AZIIZALOYIBI/zad-al-khair-app/notifications{?since,all,participating}",
    "labels_url": "https://api.github.com/repos/AZIIZALOYIBI/zad-al-khair-app/labels{/name}",
    "releases_url": "https://api.github.com/repos/AZIIZALOYIBI/zad-al-khair-app/releases{/id}",
    "deployments_url": "https://api.github.com/repos/AZIIZALOYIBI/zad-al-khair-app/deployments"
  },
  "machine": {
    "name": "<14:<redacted>>",
    "display_name": "2 cores, 8 GB RAM, 32 GB storage",
    "operating_system": "linux",
    "storage_in_bytes": 34359738368,
    "memory_in_bytes": 8589934592,
    "cpus": 2,
    "prebuild_availability": null
  },
  "prebuild": null,
  "created_at": "2025-06-16T23:43:28+03:00",
  "updated_at": "2025-06-17T00:05:34+03:00",
  "last_used_at": "2025-06-16T23:43:28+03:00",
  "state": "Available",
  "url": "https://api.github.com/user/codespaces/solid-space-spoon-x64gpg7qpg5fp7p7",
  "git_status": {
    "ahead": 0,
    "behind": 0,
    "has_unpushed_changes": false,
    "has_uncommitted_changes": false,
    "ref": "main"
  },
  "location": "CentralIndia",
  "idle_timeout_minutes": 30,
  "web_url": "https://solid-space-spoon-x64gpg7qpg5fp7p7.github.dev",
  "machines_url": "https://api.github.com/user/codespaces/solid-space-spoon-x64gpg7qpg5fp7p7/machines",
  "start_url": "https://api.github.com/user/codespaces/solid-space-spoon-x64gpg7qpg5fp7p7/start",
  "stop_url": "https://api.github.com/user/codespaces/solid-space-spoon-x64gpg7qpg5fp7p7/stop",
  "pulls_url": null,
  "recent_folders": [
    "/workspaces/zad-al-khair-app"
  ],
  "runtime_constraints": {
    "allowed_port_privacy_settings": [
      "private",
      "public"
    ]
  },
  "connection": {
    "sessionPath": "/workspaces/zad-al-khair-app",
    "tunnelProperties": {
      "tunnelId": "majestic-lake-cm0dmpd",
      "clusterId": "inc1",
      "domain": "app.github.dev",
      "connectAccessToken": "<392:<redacted>>",
      "managePortsAccessToken": "<398:<redacted>>",
      "serviceUri": "https://global.rel.tunnels.api.visualstudio.com/"
    }
  },
  "container_id": "9229a1e24e0ad2ea37b4b38b35f44bd5063aa38ae9d87240136caf94205e9062",
  "display_name": "solid space spoon",
  "devcontainer_path": null,
  "pending_operation": false,
  "feature_flags": {
    "developer": false,
    "detailedActivityMonitor": false,
    "vscodeAccountSwitching": false,
    "enableSmbDiagnosticContinuousMonitoring": false,
    "enableSmbDiagnosticOnAnomalyMonitoring": false,
    "useEarlyWorkbenchWebClient": true,
    "useCoiWebClient": false,
    "remapUserNamespace": false,
    "removeConnectRetriesWebClient": true,
    "storageV2ExhaustiveValidation": false,
    "forcePushShutdownTelemetry": true,
    "useNewJupyterApi": true,
    "improvedWarmupContainerReuse": true,
    "storageV2ComprehensiveDiagnosticsCollection": false,
    "usingCopilotWorkspaceConfig": false,
    "copilotWorkspace": false,
    "hostnameSpecificGitCredentialHelper": true,
    "storageV2ForcedFlushes": false,
    "storageV2DisableIoUring": false,
    "Basis": true,
    "Skuheapscaling": true,
    "CacheIde": true,
    "Developer": false,
    "Eap": false
  },
  "retention_period_minutes": 43200,
  "retention_expires_at": null,
  "template": null,
  "publish_url": null
}
[RemoteExplorer I] Updating codespace performance info
[Client:extension:1f34:resolver:resolve:1:check-codespace-state I] codespace solid-space-spoon-x64gpg7qpg5fp7p7 (id: 91fd3350-2958-4121-b8b2-2b787c3fae2a) is in the "Default" state
[Client:extension:1f34:resolver:resolve:1:check-codespace-state I] noop
[Client:extension:1f34:resolver I] Initializing RPC client
[Client:extension:1f34:resolver I] Running in web, using unix socket for communication
[Client:extension:1f34:resolver I] Initializing Node-based codespace host service client
[Client:extension:1f34:resolver I] Initializing Node-based VS Code server host service client
[Client:extension:1f34:resolver I] Initializing Node-based Jupyter server host service client
[Client:extension:1f34:resolver:resolve:1:check-codespace-state I] vscode connection options: > object #0: {
  "environmentId": "91fd3350-2958-4121-b8b2-2b787c3fae2a",
  "vsCodeCommit": "dfaf44141ea9deb3b4096f7cd6d24e00c147a4b1",
  "vsCodeQuality": "stable",
  "extensions": [
    "GitHub.codespaces",
    "GitHub.vscode-pull-request-github"
  ],
  "telemetry": true
}
[RemoteExplorer I] Updating codespace details
[Client:extension:1f34:resolver I] Executed start-remote-server using gRPC
[Client:extension:1f34:resolver:resolve:1 I] vscode server remote port: "42501", local port: "undefined"}
[Client V] connect duration: 5211 ms
[Client:extension:1f34:resolver:resolve:1 I] Progress: Done
[Client:extension:1f34:resolver I] Subscribed to event stream
[Client:extension:1f34:resolver:resolve:1:background-tasks I] launching background configuration tasks
[Client:extension:1f34:resolver:resolve:1:background-tasks I] Running in web, starting post attach command listener without disposable
[Client:extension:1f34:resolver:resolve:1:background-tasks:post-attach-command-manager I] PostAttachCommandManager: addEnvironmentConfiguredEventCallback()
[Client:extension:1f34:resolver:resolve:1:background-tasks I] no max idle timeout notice
[Client:extension:1f34:resolver:resolve:1:background-tasks V] checking correctness of the codespace session path> object #0: undefined
[Client:extension:1f34:resolver:resolve:1:background-tasks I] Running in web, starting dev container change event listener without disposable
[Client:extension:1f34:resolver:resolve:1:background-tasks I] Running in web, starting secrets updated event listener without disposable
[Client:extension:1f34:resolver:resolve:1:background-tasks I] Running in web, starting codespace stopping event listener without disposable
[Client:extension:1f34:resolver:resolve:1:background-tasks I] starting activity monitor, isRunningInWeb: "true"
[Client:extension:1f34:resolver:resolve:1:background-tasks:activity-monitor:vscode-activity-provider I] isRunningInWeb: true
[Client:extension:1f34:resolver:resolve:1:background-tasks:activity-monitor:vscode-activity-provider I] starting activity monitor
[Client:extension:1f34:resolver:resolve:1:background-tasks:activity-monitor:vscode-activity-provider V] sending activity heartbeat
[Client:extension:1f34:resolver:resolve:1:background-tasks I] Running in web, starting user notification event listener without disposable
[Client:extension:1f34:resolver:resolve:1:background-tasks:openDefaultFiles I] Skipping openFiles because it's not the first activation
[Command:Connect I] Command [Connect to Codespace]: Connect to Codespace Success (6310ms)
[Command:Connect I] Decorator finishing: Telemetry. Duration: 1ms (0 + 1)
[Command:Connect I] Decorator finishing: ErrorNotification. Duration: 1ms (1 + 0)
[Client:extension:1f34:resolver I] Received event: Subscribed
[Client:extension:1f34:resolver I] Client fba2f34e-4d19-4abc-8ff0-8470675a6431 subscribed to event stream
[Client:extension:1f34:resolver I] Received event: CreationLogUpdated
[Client:extension:1f34:resolver I] Event payload: {"text":"Finding image...","type":"inProgress","isStreamingLogs":false}
[Client:extension:1f34:resolver I] Received event: CreationLogUpdated
[Client:extension:1f34:resolver I] Event payload: {"text":"Image found.","type":"succeeded","isStreamingLogs":false}
[Client:extension:1f34:resolver I] Received event: CreationLogUpdated
[Client:extension:1f34:resolver I] Event payload: {"text":"Building container...","type":"inProgress","isStreamingLogs":true}
[Client:extension:1f34:resolver I] Received event: CreationLogUpdated
[Client:extension:1f34:resolver I] Event payload: {"text":"Container built.","type":"succeeded","isStreamingLogs":false}
[Client:extension:1f34:resolver I] Received event: EnvironmentConfigured
[Client:extension:1f34:resolver:resolve:1:background-tasks:post-attach-command-manager I] PostAttachCommandManager: handleEnvironmentConfiguredEvent()
[Client:extension:1f34:resolver:resolve:1:background-tasks:activity-monitor:vscode-activity-provider I] Executed notify-codespace-of-client-activity using gRPC
[Client:extension:1f34:resolver:resolve:1:background-tasks:activity-monitor:vscode-activity-provider I] Activity signal sent with result true
[Client:extension:1f34:resolver:resolve:1:background-tasks I] Executed is-recovery-container using gRPC
[Client:extension:1f34:resolver:resolve:1:background-tasks V] not in recovery container
[Client:extension:1f34:resolver:resolve:1:background-tasks I] Executed get-container-persisted-folder using gRPC
[Client:extension:1f34:resolver:resolve:1:background-tasks V] container folder path: "/workspaces/.codespaces/.persistedshare"
[Client:extension:1f34:resolver:resolve:1:background-tasks V] shared folder path: "/workspaces/.codespaces/shared/postCreateOutput.json"
[Client:extension:1f34:resolver:resolve:1:background-tasks V] shared file path: "/workspaces/.codespaces/shared/postCreateOutput.json"
[Performance I] Executed get-container-persisted-folder using gRPC
[ResourceUsage I] Executed get-container-persisted-folder using gRPC
[ResourceUsage V] container folder path: "/workspaces/.codespaces/.persistedshare"
[ResourceUsage V] shared folder path: "/workspaces/.codespaces/shared/resource-usage.json"
[ResourceUsage V] shared file path: "/workspaces/.codespaces/shared/resource-usage.json"
[ResourceUsage I] Starting monitor
[ResourceUsage I] Checking if the codespace connection exists
[ResourceUsage I] Running in web, starting monitor without disposable
[Client:extension:1f34:resolver:resolve:1:background-tasks I] Executed configure-environment using gRPC
[Performance I] Starting monitor
[Performance I] Checking if the codespace connection exists
[Performance I] Running in web, starting monitor without disposable
[Performance I] Executed get-performance-data using gRPC
[Performance I] Executed get-performance-data using gRPC
[Performance I] Executed get-performance-data using gRPC
[Performance I] Executed get-performance-data using gRPC
[Performance I] Executed get-performance-data using gRPC
[Client:extension:1f34:resolver:resolve:1:background-tasks:activity-monitor:vscode-activity-provider V] sending activity heartbeat
[Client:extension:1f34:resolver:resolve:1:background-tasks:activity-monitor:vscode-activity-provider I] Executed notify-codespace-of-client-activity using gRPC
[Client:extension:1f34:resolver:resolve:1:background-tasks:activity-monitor:vscode-activity-provider I] Activity signal sent with result true
[Performance I] Executed get-performance-data using gRPC
[Performance I] Executed get-performance-data using gRPC
[Client:extension:1f34:resolver:resolve:1:background-tasks:activity-monitor:vscode-activity-provider V] sending activity heartbeat
[Performance I] Executed get-performance-data using gRPC
[Client:extension:1f34:resolver:resolve:1:background-tasks:activity-monitor:vscode-activity-provider I] Executed notify-codespace-of-client-activity using gRPC
[Client:extension:1f34:resolver:resolve:1:background-tasks:activity-monitor:vscode-activity-provider I] Activity signal sent with result true
[Performance I] Executed get-performance-data using gRPC
[Performance I] Executed get-performance-data using gRPC
[Performance I] Executed get-performance-data using gRPC
[Performance I] Executed get-performance-data using gRPC
[Performance I] Executed get-performance-data using gRPC
[Performance I] Executed get-performance-data using gRPC
[Performance I] Executed get-performance-data using gRPC
[Performance I] Executed get-performance-data using gRPC
[Performance I] Executed get-performance-data using gRPC
[Performance I] Executed get-performance-data using gRPC
[Performance I] Executed get-performance-data using gRPC
[Performance I] Executed get-performance-data using gRPC
[Performance I] Executed get-performance-data using gRPC
[Performance I] Executed get-performance-data using gRPC
[Performance I] Executed get-performance-data using gRPC
[Performance I] Executed get-performance-data using gRPC
[Performance I] Executed get-performance-data using gRPC
[Performance I] Executed get-performance-data using gRPC
[Performance I] Executed get-performance-data using gRPC
[Performance I] Executed get-performance-data using gRPC
[Performance I] Executed get-performance-data using gRPC
[Performance I] Executed get-performance-data using gRPC
[Performance I] Executed get-performance-data using gRPC
[Performance I] Executed get-performance-data using gRPC
[Performance I] Executed get-performance-data using gRPC
[Performance I] Executed get-performance-data using gRPC
[Performance I] Executed get-performance-data using gRPC
[Performance I] Executed get-performance-data using gRPC
[Client:extension:1f34:resolver:resolve:1:background-tasks:activity-monitor:vscode-activity-provider V] sending activity heartbeat
[Client:extension:1f34:resolver:resolve:1:background-tasks:activity-monitor:vscode-activity-provider I] Executed notify-codespace-of-client-activity using gRPC
[Client:extension:1f34:resolver:resolve:1:background-tasks:activity-monitor:vscode-activity-provider I] Activity signal sent with result true
[Client:extension:1f34:resolver:resolve:1:background-tasks:activity-monitor:vscode-activity-provider V] sending activity heartbeat
[Performance I] Executed get-performance-data using gRPC
[Client:extension:1f34:resolver:resolve:1:background-tasks:activity-monitor:vscode-activity-provider I] Executed notify-codespace-of-client-activity using gRPC
[Client:extension:1f34:resolver:resolve:1:background-tasks:activity-monitor:vscode-activity-provider I] Activity signal sent with result true
[Performance I] Executed get-performance-data using gRPC
[Performance I] Executed get-performance-data using gRPC
[Performance I] Executed get-performance-data using gRPC
[Performance I] Executed get-performance-data using gRPC
[Performance I] Executed get-performance-data using gRPC
[Performance I] Executed get-performance-data using gRPC
[Performance I] Executed get-performance-data using gRPC
[Performance I] Executed get-performance-data using gRPC
[Performance I] Executed get-performance-data using gRPC
[Performance I] Executed get-performance-data using gRPC
[Client:extension:1f34:resolver:resolve:1:background-tasks:activity-monitor:vscode-activity-provider V] sending activity heartbeat
[Client:extension:1f34:resolver:resolve:1:background-tasks:activity-monitor:vscode-activity-provider I] Executed notify-codespace-of-client-activity using gRPC
[Client:extension:1f34:resolver:resolve:1:background-tasks:activity-monitor:vscode-activity-provider I] Activity signal sent with result true
[Performance I] Executed get-performance-data using gRPC
[Performance I] Executed get-performance-data using gRPC
[Performance I] Executed get-performance-data using gRPC
[Performance I] Executed get-performance-data using gRPC
[Client:extension:1f34:resolver:resolve:1:background-tasks:activity-monitor:vscode-activity-provider V] sending activity heartbeat
[Client:extension:1f34:resolver:resolve:1:background-tasks:activity-monitor:vscode-activity-provider I] Executed notify-codespace-of-client-activity using gRPC
[Client:extension:1f34:resolver:resolve:1:background-tasks:activity-monitor:vscode-activity-provider I] Activity signal sent with result true
[Performance I] Executed get-performance-data using gRPC
[Performance I] Executed get-performance-data using gRPC
[Client:extension:1f34:resolver:resolve:1:background-tasks:activity-monitor:vscode-activity-provider V] sending activity heartbeat
[Client:extension:1f34:resolver:resolve:1:background-tasks:activity-monitor:vscode-activity-provider I] Executed notify-codespace-of-client-activity using gRPC
[Client:extension:1f34:resolver:resolve:1:background-tasks:activity-monitor:vscode-activity-provider I] Activity signal sent with result true
