2025-06-16 21:05:25.921 [info] Reading sessions from keychain...
2025-06-16 21:05:25.922 [info] Getting sessions for all scopes...
2025-06-16 21:05:25.922 [info] Getting sessions for all scopes...
2025-06-16 21:05:25.924 [info] Getting sessions for all scopes...
2025-06-16 21:05:25.924 [info] Getting sessions for all scopes...
2025-06-16 21:05:25.924 [info] Getting sessions for user:email...
2025-06-16 21:05:25.924 [info] Getting sessions for all scopes...
2025-06-16 21:05:25.924 [info] Getting sessions for all scopes...
2025-06-16 21:05:25.924 [info] Getting sessions for all scopes...
2025-06-16 21:05:25.924 [info] Getting sessions for all scopes...
2025-06-16 21:05:25.924 [info] Getting sessions for all scopes...
2025-06-16 21:05:25.924 [info] Got stored sessions!
2025-06-16 21:05:25.924 [info] Got 6 verified sessions.
2025-06-16 21:05:25.924 [info] Got 6 sessions for ...
2025-06-16 21:05:25.924 [info] Got 6 sessions for ...
2025-06-16 21:05:25.924 [info] Got 6 sessions for ...
2025-06-16 21:05:25.924 [info] Got 6 sessions for ...
2025-06-16 21:05:25.924 [info] Got 1 sessions for user:email...
2025-06-16 21:05:25.924 [info] Got 6 sessions for ...
2025-06-16 21:05:25.924 [info] Got 6 sessions for ...
2025-06-16 21:05:25.924 [info] Got 6 sessions for ...
2025-06-16 21:05:25.924 [info] Got 6 sessions for ...
2025-06-16 21:05:25.924 [info] Got 6 sessions for ...
2025-06-16 21:05:27.034 [info] Getting sessions for codespace,read:user,repo,user:email...
2025-06-16 21:05:27.034 [info] Getting sessions for all scopes...
2025-06-16 21:05:27.034 [info] Getting sessions for all scopes...
2025-06-16 21:05:27.034 [info] Getting sessions for all scopes...
2025-06-16 21:05:27.034 [info] Got 1 sessions for codespace,read:user,repo,user:email...
2025-06-16 21:05:27.034 [info] Got 6 sessions for ...
2025-06-16 21:05:27.034 [info] Got 6 sessions for ...
2025-06-16 21:05:27.035 [info] Got 6 sessions for ...
2025-06-16 21:05:27.222 [info] Getting sessions for all scopes...
2025-06-16 21:05:27.222 [info] Getting sessions for all scopes...
2025-06-16 21:05:27.222 [info] Getting sessions for all scopes...
2025-06-16 21:05:27.222 [info] Getting sessions for all scopes...
2025-06-16 21:05:27.222 [info] Getting sessions for all scopes...
2025-06-16 21:05:27.222 [info] Getting sessions for all scopes...
2025-06-16 21:05:27.222 [info] Got 6 sessions for ...
2025-06-16 21:05:27.222 [info] Got 6 sessions for ...
2025-06-16 21:05:27.222 [info] Got 6 sessions for ...
2025-06-16 21:05:27.222 [info] Got 6 sessions for ...
2025-06-16 21:05:27.222 [info] Got 6 sessions for ...
2025-06-16 21:05:27.222 [info] Got 6 sessions for ...
2025-06-16 21:05:27.611 [info] Getting sessions for all scopes...
2025-06-16 21:05:27.612 [info] Got 6 sessions for ...
2025-06-16 21:05:29.872 [info] Getting sessions for all scopes...
2025-06-16 21:05:29.872 [info] Got 6 sessions for ...
2025-06-16 21:05:30.302 [info] Getting sessions for read:user,repo,user:email,workflow...
2025-06-16 21:05:30.303 [info] Getting sessions for all scopes...
2025-06-16 21:05:30.304 [info] Got 1 sessions for read:user,repo,user:email,workflow...
2025-06-16 21:05:30.304 [info] Got 6 sessions for ...
2025-06-16 21:05:30.627 [info] Getting sessions for all scopes...
2025-06-16 21:05:30.627 [info] Getting sessions for all scopes...
2025-06-16 21:05:30.627 [info] Got 6 sessions for ...
2025-06-16 21:05:30.627 [info] Got 6 sessions for ...
2025-06-16 21:05:31.265 [info] Getting sessions for read:user,repo,user:email,workflow...
2025-06-16 21:05:31.265 [info] Getting sessions for all scopes...
2025-06-16 21:05:31.265 [info] Getting sessions for all scopes...
2025-06-16 21:05:31.265 [info] Got 1 sessions for read:user,repo,user:email,workflow...
2025-06-16 21:05:31.265 [info] Got 6 sessions for ...
2025-06-16 21:05:31.265 [info] Got 6 sessions for ...
2025-06-16 21:05:31.371 [info] Getting sessions for project,read:org,read:user,repo,user:email,workflow...
2025-06-16 21:05:31.371 [info] Got 0 sessions for project,read:org,read:user,repo,user:email,workflow...
2025-06-16 21:05:31.456 [info] Getting sessions for all scopes...
2025-06-16 21:05:31.456 [info] Getting sessions for all scopes...
2025-06-16 21:05:31.456 [info] Got 6 sessions for ...
2025-06-16 21:05:31.456 [info] Got 6 sessions for ...
2025-06-16 21:05:32.046 [info] Getting sessions for read:user,repo,user:email,workflow...
2025-06-16 21:05:32.047 [info] Getting sessions for read:user,repo,user:email,workflow...
2025-06-16 21:05:32.047 [info] Got 1 sessions for read:user,repo,user:email,workflow...
2025-06-16 21:05:32.047 [info] Got 1 sessions for read:user,repo,user:email,workflow...
2025-06-16 21:05:34.304 [info] Getting sessions for all scopes...
2025-06-16 21:05:34.304 [info] Getting sessions for all scopes...
2025-06-16 21:05:34.304 [info] Got 6 sessions for ...
2025-06-16 21:05:34.304 [info] Got 6 sessions for ...
2025-06-16 21:05:36.416 [info] Getting sessions for read:user,repo,user:email,workflow...
2025-06-16 21:05:36.416 [info] Got 1 sessions for read:user,repo,user:email,workflow...
2025-06-16 21:05:36.852 [info] Getting sessions for all scopes...
2025-06-16 21:05:36.852 [info] Got 6 sessions for ...
2025-06-16 21:05:37.161 [info] Getting sessions for read:user,repo,user:email,workflow...
2025-06-16 21:05:37.161 [info] Got 1 sessions for read:user,repo,user:email,workflow...
2025-06-16 21:05:38.176 [info] Getting sessions for all scopes...
2025-06-16 21:05:38.181 [info] Got 6 sessions for ...
2025-06-16 21:05:38.728 [info] Getting sessions for read:user,repo,user:email,workflow...
2025-06-16 21:05:38.728 [info] Got 1 sessions for read:user,repo,user:email,workflow...
2025-06-16 21:05:39.081 [info] Getting sessions for all scopes...
2025-06-16 21:05:39.083 [info] Got 6 sessions for ...
2025-06-16 21:05:39.426 [info] Getting sessions for all scopes...
2025-06-16 21:05:39.428 [info] Got 6 sessions for ...
2025-06-16 21:05:39.718 [info] Getting sessions for all scopes...
2025-06-16 21:05:39.718 [info] Got 6 sessions for ...
2025-06-16 21:05:40.110 [info] Getting sessions for read:user,repo,user:email,workflow...
2025-06-16 21:05:40.110 [info] Got 1 sessions for read:user,repo,user:email,workflow...
2025-06-16 21:05:42.058 [info] Getting sessions for all scopes...
2025-06-16 21:05:42.058 [info] Got 6 sessions for ...
2025-06-16 21:05:42.418 [info] Getting sessions for read:user,repo,user:email,workflow...
2025-06-16 21:05:42.418 [info] Got 1 sessions for read:user,repo,user:email,workflow...
2025-06-16 21:05:47.338 [info] Getting sessions for all scopes...
2025-06-16 21:05:47.339 [info] Got 6 sessions for ...
2025-06-16 21:05:47.710 [info] Getting sessions for read:user,repo,user:email,workflow...
2025-06-16 21:05:47.710 [info] Got 1 sessions for read:user,repo,user:email,workflow...
2025-06-16 21:10:53.279 [info] Getting sessions for all scopes...
2025-06-16 21:10:53.280 [info] Getting sessions for all scopes...
2025-06-16 21:10:53.280 [info] Getting sessions for all scopes...
2025-06-16 21:10:53.280 [info] Getting sessions for all scopes...
2025-06-16 21:10:53.293 [info] Got 6 sessions for ...
2025-06-16 21:10:53.293 [info] Got 6 sessions for ...
2025-06-16 21:10:53.293 [info] Got 6 sessions for ...
2025-06-16 21:10:53.293 [info] Got 6 sessions for ...
2025-06-16 21:10:53.450 [info] Getting sessions for all scopes...
2025-06-16 21:10:53.452 [info] Getting sessions for all scopes...
2025-06-16 21:10:53.453 [info] Getting sessions for all scopes...
2025-06-16 21:10:53.453 [info] Getting sessions for all scopes...
2025-06-16 21:10:53.453 [info] Got 6 sessions for ...
2025-06-16 21:10:53.453 [info] Got 6 sessions for ...
2025-06-16 21:10:53.453 [info] Got 6 sessions for ...
2025-06-16 21:10:53.453 [info] Got 6 sessions for ...
2025-06-16 21:25:17.131 [info] Getting sessions for all scopes...
2025-06-16 21:25:17.131 [info] Got 6 sessions for ...
2025-06-16 21:25:17.336 [info] Getting sessions for read:user,repo,user:email,workflow...
2025-06-16 21:25:17.336 [info] Got 1 sessions for read:user,repo,user:email,workflow...
2025-06-16 21:25:19.537 [info] Getting sessions for all scopes...
2025-06-16 21:25:19.537 [info] Got 6 sessions for ...
2025-06-16 21:25:19.762 [info] Getting sessions for read:user,repo,user:email,workflow...
2025-06-16 21:25:19.762 [info] Got 1 sessions for read:user,repo,user:email,workflow...
2025-06-16 21:28:13.841 [info] Getting sessions for all scopes...
2025-06-16 21:28:13.841 [info] Got 6 sessions for ...
2025-06-16 21:28:14.167 [info] Getting sessions for read:user,repo,user:email,workflow...
2025-06-16 21:28:14.167 [info] Got 1 sessions for read:user,repo,user:email,workflow...
2025-06-16 21:28:14.637 [info] Getting sessions for all scopes...
2025-06-16 21:28:14.637 [info] Got 6 sessions for ...
2025-06-16 21:28:14.951 [info] Getting sessions for read:user,repo,user:email,workflow...
2025-06-16 21:28:14.951 [info] Got 1 sessions for read:user,repo,user:email,workflow...
2025-06-16 21:28:17.511 [info] Getting sessions for all scopes...
2025-06-16 21:28:17.511 [info] Getting sessions for all scopes...
2025-06-16 21:28:17.511 [info] Got 6 sessions for ...
2025-06-16 21:28:17.511 [info] Got 6 sessions for ...
2025-06-16 21:28:17.794 [info] Getting sessions for read:user,repo,user:email,workflow...
2025-06-16 21:28:17.795 [info] Got 1 sessions for read:user,repo,user:email,workflow...
2025-06-16 21:28:18.067 [info] Getting sessions for all scopes...
2025-06-16 21:28:18.067 [info] Got 6 sessions for ...
2025-06-16 21:28:18.353 [info] Getting sessions for read:user,repo,user:email,workflow...
2025-06-16 21:28:18.353 [info] Got 1 sessions for read:user,repo,user:email,workflow...
2025-06-16 21:28:18.680 [info] Getting sessions for all scopes...
2025-06-16 21:28:18.680 [info] Got 6 sessions for ...
2025-06-16 21:28:20.108 [info] Getting sessions for read:user,repo,user:email,workflow...
2025-06-16 21:28:20.108 [info] Got 1 sessions for read:user,repo,user:email,workflow...
2025-06-16 21:28:26.451 [info] Getting sessions for all scopes...
2025-06-16 21:28:26.451 [info] Got 6 sessions for ...
2025-06-16 21:28:26.916 [info] Getting sessions for read:user,repo,user:email,workflow...
2025-06-16 21:28:26.916 [info] Got 1 sessions for read:user,repo,user:email,workflow...
2025-06-16 21:28:31.665 [info] Getting sessions for all scopes...
2025-06-16 21:28:31.665 [info] Got 6 sessions for ...
2025-06-16 21:28:32.408 [info] Getting sessions for read:user,repo,user:email,workflow...
2025-06-16 21:28:32.408 [info] Got 1 sessions for read:user,repo,user:email,workflow...
2025-06-16 21:32:48.213 [info] Getting sessions for all scopes...
2025-06-16 21:32:48.213 [info] Got 6 sessions for ...
2025-06-16 21:32:48.458 [info] Getting sessions for read:user,repo,user:email,workflow...
2025-06-16 21:32:48.458 [info] Got 1 sessions for read:user,repo,user:email,workflow...
2025-06-16 21:32:51.512 [info] Getting sessions for all scopes...
2025-06-16 21:32:51.512 [info] Got 6 sessions for ...
2025-06-16 21:32:51.768 [info] Getting sessions for read:user,repo,user:email,workflow...
2025-06-16 21:32:51.768 [info] Got 1 sessions for read:user,repo,user:email,workflow...
2025-06-16 21:32:58.202 [info] Getting sessions for all scopes...
2025-06-16 21:32:58.204 [info] Got 6 sessions for ...
2025-06-16 21:32:58.523 [info] Getting sessions for read:user,repo,user:email,workflow...
2025-06-16 21:32:58.523 [info] Got 1 sessions for read:user,repo,user:email,workflow...
2025-06-16 21:33:00.942 [info] Getting sessions for all scopes...
2025-06-16 21:33:00.942 [info] Got 6 sessions for ...
2025-06-16 21:33:01.441 [info] Getting sessions for read:user,repo,user:email,workflow...
2025-06-16 21:33:01.441 [info] Got 1 sessions for read:user,repo,user:email,workflow...
2025-06-16 21:33:21.087 [info] Getting sessions for all scopes...
2025-06-16 21:33:21.087 [info] Got 6 sessions for ...
2025-06-16 21:33:21.382 [info] Getting sessions for read:user,repo,user:email,workflow...
2025-06-16 21:33:21.382 [info] Got 1 sessions for read:user,repo,user:email,workflow...
2025-06-16 21:33:25.100 [info] Getting sessions for all scopes...
2025-06-16 21:33:25.100 [info] Got 6 sessions for ...
2025-06-16 21:33:25.739 [info] Getting sessions for read:user,repo,user:email,workflow...
2025-06-16 21:33:25.739 [info] Got 1 sessions for read:user,repo,user:email,workflow...
2025-06-16 21:33:29.146 [info] Getting sessions for all scopes...
2025-06-16 21:33:29.146 [info] Got 6 sessions for ...
2025-06-16 21:33:29.408 [info] Getting sessions for read:user,repo,user:email,workflow...
2025-06-16 21:33:29.408 [info] Got 1 sessions for read:user,repo,user:email,workflow...
2025-06-16 21:33:32.407 [info] Getting sessions for all scopes...
2025-06-16 21:33:32.407 [info] Got 6 sessions for ...
2025-06-16 21:33:32.675 [info] Getting sessions for read:user,repo,user:email,workflow...
2025-06-16 21:33:32.675 [info] Got 1 sessions for read:user,repo,user:email,workflow...
2025-06-16 21:33:45.267 [info] Getting sessions for all scopes...
2025-06-16 21:33:45.267 [info] Got 6 sessions for ...
2025-06-16 21:33:45.531 [info] Getting sessions for read:user,repo,user:email,workflow...
2025-06-16 21:33:45.531 [info] Got 1 sessions for read:user,repo,user:email,workflow...
2025-06-16 21:33:48.940 [info] Getting sessions for all scopes...
2025-06-16 21:33:48.940 [info] Got 6 sessions for ...
2025-06-16 21:33:49.536 [info] Getting sessions for read:user,repo,user:email,workflow...
2025-06-16 21:33:49.536 [info] Got 1 sessions for read:user,repo,user:email,workflow...
2025-06-16 21:33:52.501 [info] Getting sessions for all scopes...
2025-06-16 21:33:52.501 [info] Got 6 sessions for ...
2025-06-16 21:33:52.767 [info] Getting sessions for read:user,repo,user:email,workflow...
2025-06-16 21:33:52.767 [info] Got 1 sessions for read:user,repo,user:email,workflow...
2025-06-16 21:33:57.996 [info] Getting sessions for all scopes...
2025-06-16 21:33:57.996 [info] Got 6 sessions for ...
2025-06-16 21:33:58.312 [info] Getting sessions for read:user,repo,user:email,workflow...
2025-06-16 21:33:58.312 [info] Got 1 sessions for read:user,repo,user:email,workflow...
