2025-06-16 20:44:54.310 [info] Reading sessions from keychain...
2025-06-16 20:44:54.310 [info] Getting sessions for all scopes...
2025-06-16 20:44:54.310 [info] Getting sessions for all scopes...
2025-06-16 20:44:54.310 [info] Getting sessions for all scopes...
2025-06-16 20:44:54.310 [info] Getting sessions for all scopes...
2025-06-16 20:44:54.310 [info] Getting sessions for user:email...
2025-06-16 20:44:54.310 [info] Getting sessions for all scopes...
2025-06-16 20:44:54.310 [info] Getting sessions for all scopes...
2025-06-16 20:44:54.310 [info] Getting sessions for all scopes...
2025-06-16 20:44:54.310 [info] Getting sessions for all scopes...
2025-06-16 20:44:54.310 [info] Getting sessions for all scopes...
2025-06-16 20:44:54.311 [info] Got stored sessions!
2025-06-16 20:44:54.311 [info] Got 6 verified sessions.
2025-06-16 20:44:54.311 [info] Got 6 sessions for ...
2025-06-16 20:44:54.311 [info] Got 6 sessions for ...
2025-06-16 20:44:54.311 [info] Got 6 sessions for ...
2025-06-16 20:44:54.311 [info] Got 6 sessions for ...
2025-06-16 20:44:54.311 [info] Got 1 sessions for user:email...
2025-06-16 20:44:54.311 [info] Got 6 sessions for ...
2025-06-16 20:44:54.311 [info] Got 6 sessions for ...
2025-06-16 20:44:54.311 [info] Got 6 sessions for ...
2025-06-16 20:44:54.311 [info] Got 6 sessions for ...
2025-06-16 20:44:54.311 [info] Got 6 sessions for ...
2025-06-16 20:44:56.861 [info] Getting sessions for codespace,read:user,repo,user:email...
2025-06-16 20:44:56.861 [info] Got 1 sessions for codespace,read:user,repo,user:email...
2025-06-16 20:44:56.874 [info] Getting sessions for all scopes...
2025-06-16 20:44:56.874 [info] Getting sessions for all scopes...
2025-06-16 20:44:56.874 [info] Getting sessions for all scopes...
2025-06-16 20:44:56.874 [info] Getting sessions for all scopes...
2025-06-16 20:44:56.874 [info] Got 6 sessions for ...
2025-06-16 20:44:56.874 [info] Got 6 sessions for ...
2025-06-16 20:44:56.874 [info] Got 6 sessions for ...
2025-06-16 20:44:56.874 [info] Got 6 sessions for ...
2025-06-16 20:44:56.880 [info] Getting sessions for all scopes...
2025-06-16 20:44:56.880 [info] Got 6 sessions for ...
2025-06-16 20:44:56.886 [info] Getting sessions for all scopes...
2025-06-16 20:44:56.886 [info] Getting sessions for all scopes...
2025-06-16 20:44:56.886 [info] Got 6 sessions for ...
2025-06-16 20:44:56.886 [info] Got 6 sessions for ...
2025-06-16 20:44:58.225 [info] Getting sessions for all scopes...
2025-06-16 20:44:58.225 [info] Got 6 sessions for ...
2025-06-16 20:44:59.110 [info] Getting sessions for all scopes...
2025-06-16 20:44:59.110 [info] Got 6 sessions for ...
2025-06-16 20:44:59.124 [info] Getting sessions for read:user,repo,user:email,workflow...
2025-06-16 20:44:59.124 [info] Got 1 sessions for read:user,repo,user:email,workflow...
2025-06-16 20:44:59.460 [info] Getting sessions for all scopes...
2025-06-16 20:44:59.460 [info] Got 6 sessions for ...
2025-06-16 20:45:00.762 [info] Getting sessions for all scopes...
2025-06-16 20:45:00.762 [info] Got 6 sessions for ...
2025-06-16 20:45:01.465 [info] Getting sessions for all scopes...
2025-06-16 20:45:01.466 [info] Got 6 sessions for ...
2025-06-16 20:45:03.380 [info] Getting sessions for all scopes...
2025-06-16 20:45:03.381 [info] Got 6 sessions for ...
2025-06-16 20:45:03.802 [info] Getting sessions for project,read:org,read:user,repo,user:email,workflow...
2025-06-16 20:45:03.802 [info] Getting sessions for all scopes...
2025-06-16 20:45:03.802 [info] Got 0 sessions for project,read:org,read:user,repo,user:email,workflow...
2025-06-16 20:45:03.802 [info] Got 6 sessions for ...
2025-06-16 20:45:07.190 [info] Getting sessions for read:user,repo,user:email,workflow...
2025-06-16 20:45:07.190 [info] Got 1 sessions for read:user,repo,user:email,workflow...
2025-06-16 20:45:08.307 [info] Getting sessions for all scopes...
2025-06-16 20:45:08.307 [info] Getting sessions for all scopes...
2025-06-16 20:45:08.308 [info] Got 6 sessions for ...
2025-06-16 20:45:08.308 [info] Got 6 sessions for ...
2025-06-16 20:45:08.541 [info] Getting sessions for read:user,repo,user:email,workflow...
2025-06-16 20:45:08.541 [info] Got 1 sessions for read:user,repo,user:email,workflow...
2025-06-16 20:45:09.066 [info] Getting sessions for all scopes...
2025-06-16 20:45:09.066 [info] Getting sessions for all scopes...
2025-06-16 20:45:09.066 [info] Got 6 sessions for ...
2025-06-16 20:45:09.066 [info] Got 6 sessions for ...
2025-06-16 20:45:09.301 [info] Getting sessions for read:user,repo,user:email,workflow...
2025-06-16 20:45:09.302 [info] Got 1 sessions for read:user,repo,user:email,workflow...
2025-06-16 20:45:11.622 [info] Getting sessions for all scopes...
2025-06-16 20:45:11.622 [info] Getting sessions for all scopes...
2025-06-16 20:45:11.622 [info] Got 6 sessions for ...
2025-06-16 20:45:11.622 [info] Got 6 sessions for ...
2025-06-16 20:45:11.839 [info] Getting sessions for read:user,repo,user:email,workflow...
2025-06-16 20:45:11.839 [info] Got 1 sessions for read:user,repo,user:email,workflow...
2025-06-16 20:45:12.090 [info] Getting sessions for all scopes...
2025-06-16 20:45:12.090 [info] Got 6 sessions for ...
2025-06-16 20:45:12.304 [info] Getting sessions for read:user,repo,user:email,workflow...
2025-06-16 20:45:12.304 [info] Got 1 sessions for read:user,repo,user:email,workflow...
2025-06-16 20:45:12.733 [info] Getting sessions for all scopes...
2025-06-16 20:45:12.733 [info] Got 6 sessions for ...
2025-06-16 20:45:12.942 [info] Getting sessions for read:user,repo,user:email,workflow...
2025-06-16 20:45:12.942 [info] Got 1 sessions for read:user,repo,user:email,workflow...
2025-06-16 20:45:13.096 [info] Getting sessions for all scopes...
2025-06-16 20:45:13.096 [info] Got 6 sessions for ...
2025-06-16 20:45:13.376 [info] Getting sessions for all scopes...
2025-06-16 20:45:13.376 [info] Got 6 sessions for ...
2025-06-16 20:45:13.606 [info] Getting sessions for all scopes...
2025-06-16 20:45:13.606 [info] Got 6 sessions for ...
2025-06-16 20:45:13.803 [info] Getting sessions for read:user,repo,user:email,workflow...
2025-06-16 20:45:13.803 [info] Got 1 sessions for read:user,repo,user:email,workflow...
2025-06-16 20:46:02.022 [info] Getting sessions for all scopes...
2025-06-16 20:46:02.022 [info] Got 6 sessions for ...
2025-06-16 20:46:02.227 [info] Getting sessions for read:user,repo,user:email,workflow...
2025-06-16 20:46:02.227 [info] Got 1 sessions for read:user,repo,user:email,workflow...
2025-06-16 20:46:03.458 [info] Getting sessions for all scopes...
2025-06-16 20:46:03.458 [info] Got 6 sessions for ...
2025-06-16 20:46:03.667 [info] Getting sessions for read:user,repo,user:email,workflow...
2025-06-16 20:46:03.667 [info] Got 1 sessions for read:user,repo,user:email,workflow...
2025-06-16 20:46:08.086 [info] Getting sessions for all scopes...
2025-06-16 20:46:08.086 [info] Got 6 sessions for ...
2025-06-16 20:46:08.397 [info] Getting sessions for read:user,repo,user:email,workflow...
2025-06-16 20:46:08.397 [info] Got 1 sessions for read:user,repo,user:email,workflow...
2025-06-16 20:46:08.749 [info] Getting sessions for all scopes...
2025-06-16 20:46:08.749 [info] Got 6 sessions for ...
2025-06-16 20:46:08.978 [info] Getting sessions for read:user,repo,user:email,workflow...
2025-06-16 20:46:08.978 [info] Got 1 sessions for read:user,repo,user:email,workflow...
2025-06-16 20:46:10.366 [info] Getting sessions for all scopes...
2025-06-16 20:46:10.367 [info] Got 6 sessions for ...
2025-06-16 20:46:10.572 [info] Getting sessions for read:user,repo,user:email,workflow...
2025-06-16 20:46:10.572 [info] Got 1 sessions for read:user,repo,user:email,workflow...
2025-06-16 20:46:31.309 [info] Getting sessions for all scopes...
2025-06-16 20:46:31.309 [info] Got 6 sessions for ...
2025-06-16 20:46:31.503 [info] Getting sessions for read:user,repo,user:email,workflow...
2025-06-16 20:46:31.503 [info] Got 1 sessions for read:user,repo,user:email,workflow...
2025-06-16 20:46:33.030 [info] Getting sessions for all scopes...
2025-06-16 20:46:33.030 [info] Got 6 sessions for ...
2025-06-16 20:46:33.237 [info] Getting sessions for read:user,repo,user:email,workflow...
2025-06-16 20:46:33.237 [info] Got 1 sessions for read:user,repo,user:email,workflow...
2025-06-16 20:46:37.582 [info] Getting sessions for all scopes...
2025-06-16 20:46:37.582 [info] Got 6 sessions for ...
2025-06-16 20:46:37.789 [info] Getting sessions for read:user,repo,user:email,workflow...
2025-06-16 20:46:37.789 [info] Got 1 sessions for read:user,repo,user:email,workflow...
2025-06-16 20:47:12.314 [info] Getting sessions for all scopes...
2025-06-16 20:47:12.314 [info] Got 6 sessions for ...
2025-06-16 20:47:12.519 [info] Getting sessions for read:user,repo,user:email,workflow...
2025-06-16 20:47:12.519 [info] Got 1 sessions for read:user,repo,user:email,workflow...
2025-06-16 20:47:24.605 [info] Getting sessions for all scopes...
2025-06-16 20:47:24.605 [info] Got 6 sessions for ...
2025-06-16 20:47:25.216 [info] Getting sessions for read:user,repo,user:email,workflow...
2025-06-16 20:47:25.216 [info] Got 1 sessions for read:user,repo,user:email,workflow...
2025-06-16 20:47:29.143 [info] Getting sessions for all scopes...
2025-06-16 20:47:29.143 [info] Got 6 sessions for ...
2025-06-16 20:47:29.349 [info] Getting sessions for read:user,repo,user:email,workflow...
2025-06-16 20:47:29.349 [info] Got 1 sessions for read:user,repo,user:email,workflow...
2025-06-16 20:47:43.568 [info] Getting sessions for all scopes...
2025-06-16 20:47:43.568 [info] Got 6 sessions for ...
2025-06-16 20:47:43.774 [info] Getting sessions for read:user,repo,user:email,workflow...
2025-06-16 20:47:43.774 [info] Got 1 sessions for read:user,repo,user:email,workflow...
2025-06-16 20:47:45.484 [info] Getting sessions for all scopes...
2025-06-16 20:47:45.484 [info] Got 6 sessions for ...
2025-06-16 20:47:45.691 [info] Getting sessions for read:user,repo,user:email,workflow...
2025-06-16 20:47:45.691 [info] Got 1 sessions for read:user,repo,user:email,workflow...
2025-06-16 20:47:52.498 [info] Getting sessions for all scopes...
2025-06-16 20:47:52.498 [info] Got 6 sessions for ...
2025-06-16 20:47:52.731 [info] Getting sessions for read:user,repo,user:email,workflow...
2025-06-16 20:47:52.731 [info] Got 1 sessions for read:user,repo,user:email,workflow...
2025-06-16 20:50:26.102 [info] Getting sessions for all scopes...
2025-06-16 20:50:26.103 [info] Got 6 sessions for ...
2025-06-16 20:50:26.303 [info] Getting sessions for read:user,repo,user:email,workflow...
2025-06-16 20:50:26.303 [info] Got 1 sessions for read:user,repo,user:email,workflow...
2025-06-16 20:50:42.393 [info] Getting sessions for all scopes...
2025-06-16 20:50:42.394 [info] Got 6 sessions for ...
2025-06-16 20:50:42.650 [info] Getting sessions for read:user,repo,user:email,workflow...
2025-06-16 20:50:42.650 [info] Got 1 sessions for read:user,repo,user:email,workflow...
2025-06-16 20:51:11.089 [info] Getting sessions for all scopes...
2025-06-16 20:51:11.089 [info] Got 6 sessions for ...
2025-06-16 20:51:11.385 [info] Getting sessions for read:user,repo,user:email,workflow...
2025-06-16 20:51:11.385 [info] Got 1 sessions for read:user,repo,user:email,workflow...
2025-06-16 20:52:18.490 [info] Getting sessions for all scopes...
2025-06-16 20:52:18.490 [info] Got 6 sessions for ...
2025-06-16 20:52:18.780 [info] Getting sessions for read:user,repo,user:email,workflow...
2025-06-16 20:52:18.780 [info] Got 1 sessions for read:user,repo,user:email,workflow...
2025-06-16 20:53:42.737 [info] Getting sessions for all scopes...
2025-06-16 20:53:42.738 [info] Got 6 sessions for ...
2025-06-16 20:53:42.950 [info] Getting sessions for read:user,repo,user:email,workflow...
2025-06-16 20:53:42.950 [info] Got 1 sessions for read:user,repo,user:email,workflow...
2025-06-16 20:54:32.255 [info] Getting sessions for all scopes...
2025-06-16 20:54:32.255 [info] Got 6 sessions for ...
2025-06-16 20:54:32.600 [info] Getting sessions for read:user,repo,user:email,workflow...
2025-06-16 20:54:32.600 [info] Got 1 sessions for read:user,repo,user:email,workflow...
2025-06-16 20:54:53.477 [info] Getting sessions for all scopes...
2025-06-16 20:54:53.477 [info] Got 6 sessions for ...
2025-06-16 20:54:53.684 [info] Getting sessions for read:user,repo,user:email,workflow...
2025-06-16 20:54:53.684 [info] Got 1 sessions for read:user,repo,user:email,workflow...
2025-06-16 20:54:57.017 [info] Getting sessions for all scopes...
2025-06-16 20:54:57.017 [info] Got 6 sessions for ...
2025-06-16 20:54:57.226 [info] Getting sessions for read:user,repo,user:email,workflow...
2025-06-16 20:54:57.226 [info] Got 1 sessions for read:user,repo,user:email,workflow...
2025-06-16 20:55:41.262 [info] Getting sessions for all scopes...
2025-06-16 20:55:41.262 [info] Got 6 sessions for ...
2025-06-16 20:55:41.462 [info] Getting sessions for read:user,repo,user:email,workflow...
2025-06-16 20:55:41.462 [info] Got 1 sessions for read:user,repo,user:email,workflow...
2025-06-16 20:55:43.464 [info] Getting sessions for all scopes...
2025-06-16 20:55:43.464 [info] Got 6 sessions for ...
2025-06-16 20:55:43.662 [info] Getting sessions for read:user,repo,user:email,workflow...
2025-06-16 20:55:43.662 [info] Got 1 sessions for read:user,repo,user:email,workflow...
2025-06-16 20:55:55.174 [info] Getting sessions for all scopes...
2025-06-16 20:55:55.174 [info] Got 6 sessions for ...
2025-06-16 20:55:55.493 [info] Getting sessions for read:user,repo,user:email,workflow...
2025-06-16 20:55:55.493 [info] Got 1 sessions for read:user,repo,user:email,workflow...
2025-06-16 20:55:59.995 [info] Getting sessions for all scopes...
2025-06-16 20:55:59.995 [info] Got 6 sessions for ...
2025-06-16 20:56:00.203 [info] Getting sessions for read:user,repo,user:email,workflow...
2025-06-16 20:56:00.203 [info] Got 1 sessions for read:user,repo,user:email,workflow...
2025-06-16 20:56:11.653 [info] Getting sessions for all scopes...
2025-06-16 20:56:11.653 [info] Got 6 sessions for ...
2025-06-16 20:56:11.854 [info] Getting sessions for read:user,repo,user:email,workflow...
2025-06-16 20:56:11.854 [info] Got 1 sessions for read:user,repo,user:email,workflow...
2025-06-16 20:56:34.300 [info] Getting sessions for all scopes...
2025-06-16 20:56:34.300 [info] Got 6 sessions for ...
2025-06-16 20:56:34.493 [info] Getting sessions for read:user,repo,user:email,workflow...
2025-06-16 20:56:34.493 [info] Got 1 sessions for read:user,repo,user:email,workflow...
2025-06-16 20:56:43.884 [info] Getting sessions for all scopes...
2025-06-16 20:56:43.884 [info] Got 6 sessions for ...
2025-06-16 20:56:44.114 [info] Getting sessions for read:user,repo,user:email,workflow...
2025-06-16 20:56:44.114 [info] Got 1 sessions for read:user,repo,user:email,workflow...
2025-06-16 20:56:47.914 [info] Getting sessions for all scopes...
2025-06-16 20:56:47.914 [info] Got 6 sessions for ...
2025-06-16 20:56:48.122 [info] Getting sessions for read:user,repo,user:email,workflow...
2025-06-16 20:56:48.122 [info] Got 1 sessions for read:user,repo,user:email,workflow...
2025-06-16 20:56:58.710 [info] Getting sessions for all scopes...
2025-06-16 20:56:58.710 [info] Got 6 sessions for ...
2025-06-16 20:56:58.917 [info] Getting sessions for read:user,repo,user:email,workflow...
2025-06-16 20:56:58.917 [info] Got 1 sessions for read:user,repo,user:email,workflow...
2025-06-16 20:57:16.570 [info] Getting sessions for all scopes...
2025-06-16 20:57:16.570 [info] Got 6 sessions for ...
2025-06-16 20:57:16.777 [info] Getting sessions for read:user,repo,user:email,workflow...
2025-06-16 20:57:16.777 [info] Got 1 sessions for read:user,repo,user:email,workflow...
2025-06-16 20:57:32.108 [info] Getting sessions for all scopes...
2025-06-16 20:57:32.108 [info] Got 6 sessions for ...
2025-06-16 20:57:32.327 [info] Getting sessions for read:user,repo,user:email,workflow...
2025-06-16 20:57:32.327 [info] Got 1 sessions for read:user,repo,user:email,workflow...
2025-06-16 20:57:49.074 [info] Getting sessions for all scopes...
2025-06-16 20:57:49.074 [info] Got 6 sessions for ...
2025-06-16 20:57:49.271 [info] Getting sessions for read:user,repo,user:email,workflow...
2025-06-16 20:57:49.271 [info] Got 1 sessions for read:user,repo,user:email,workflow...
2025-06-16 20:58:02.485 [info] Getting sessions for all scopes...
2025-06-16 20:58:02.485 [info] Got 6 sessions for ...
2025-06-16 20:58:02.693 [info] Getting sessions for read:user,repo,user:email,workflow...
2025-06-16 20:58:02.693 [info] Got 1 sessions for read:user,repo,user:email,workflow...
2025-06-16 20:58:19.624 [info] Getting sessions for all scopes...
2025-06-16 20:58:19.624 [info] Got 6 sessions for ...
2025-06-16 20:58:19.827 [info] Getting sessions for read:user,repo,user:email,workflow...
2025-06-16 20:58:19.827 [info] Got 1 sessions for read:user,repo,user:email,workflow...
2025-06-16 20:58:30.136 [info] Getting sessions for all scopes...
2025-06-16 20:58:30.136 [info] Got 6 sessions for ...
2025-06-16 20:58:30.366 [info] Getting sessions for read:user,repo,user:email,workflow...
2025-06-16 20:58:30.366 [info] Got 1 sessions for read:user,repo,user:email,workflow...
2025-06-16 20:58:34.023 [info] Getting sessions for all scopes...
2025-06-16 20:58:34.023 [info] Got 6 sessions for ...
2025-06-16 20:58:34.231 [info] Getting sessions for read:user,repo,user:email,workflow...
2025-06-16 20:58:34.231 [info] Got 1 sessions for read:user,repo,user:email,workflow...
2025-06-16 20:58:44.102 [info] Getting sessions for all scopes...
2025-06-16 20:58:44.102 [info] Got 6 sessions for ...
2025-06-16 20:58:44.340 [info] Getting sessions for read:user,repo,user:email,workflow...
2025-06-16 20:58:44.340 [info] Got 1 sessions for read:user,repo,user:email,workflow...
2025-06-16 20:58:47.121 [info] Getting sessions for all scopes...
2025-06-16 20:58:47.121 [info] Got 6 sessions for ...
2025-06-16 20:58:47.324 [info] Getting sessions for read:user,repo,user:email,workflow...
2025-06-16 20:58:47.324 [info] Got 1 sessions for read:user,repo,user:email,workflow...
2025-06-16 20:58:58.681 [info] Getting sessions for all scopes...
2025-06-16 20:58:58.681 [info] Got 6 sessions for ...
2025-06-16 20:58:58.888 [info] Getting sessions for read:user,repo,user:email,workflow...
2025-06-16 20:58:58.888 [info] Got 1 sessions for read:user,repo,user:email,workflow...
2025-06-16 20:59:40.226 [info] Getting sessions for all scopes...
2025-06-16 20:59:40.227 [info] Got 6 sessions for ...
2025-06-16 20:59:40.427 [info] Getting sessions for read:user,repo,user:email,workflow...
2025-06-16 20:59:40.427 [info] Got 1 sessions for read:user,repo,user:email,workflow...
2025-06-16 20:59:50.328 [info] Getting sessions for all scopes...
2025-06-16 20:59:50.328 [info] Got 6 sessions for ...
2025-06-16 20:59:50.548 [info] Getting sessions for read:user,repo,user:email,workflow...
2025-06-16 20:59:50.549 [info] Got 1 sessions for read:user,repo,user:email,workflow...
2025-06-16 21:00:13.999 [info] Getting sessions for all scopes...
2025-06-16 21:00:13.999 [info] Got 6 sessions for ...
2025-06-16 21:00:14.207 [info] Getting sessions for read:user,repo,user:email,workflow...
2025-06-16 21:00:14.207 [info] Got 1 sessions for read:user,repo,user:email,workflow...
2025-06-16 21:01:39.209 [info] Getting sessions for all scopes...
2025-06-16 21:01:39.209 [info] Got 6 sessions for ...
2025-06-16 21:01:39.398 [info] Getting sessions for read:user,repo,user:email,workflow...
2025-06-16 21:01:39.398 [info] Got 1 sessions for read:user,repo,user:email,workflow...
2025-06-16 21:01:39.930 [info] Getting sessions for all scopes...
2025-06-16 21:01:39.930 [info] Got 6 sessions for ...
2025-06-16 21:01:40.134 [info] Getting sessions for read:user,repo,user:email,workflow...
2025-06-16 21:01:40.134 [info] Got 1 sessions for read:user,repo,user:email,workflow...
2025-06-16 21:01:48.921 [info] Getting sessions for all scopes...
2025-06-16 21:01:48.921 [info] Got 6 sessions for ...
2025-06-16 21:01:49.226 [info] Getting sessions for read:user,repo,user:email,workflow...
2025-06-16 21:01:49.226 [info] Got 1 sessions for read:user,repo,user:email,workflow...
2025-06-16 21:01:52.202 [info] Getting sessions for all scopes...
2025-06-16 21:01:52.202 [info] Got 6 sessions for ...
2025-06-16 21:01:52.403 [info] Getting sessions for read:user,repo,user:email,workflow...
2025-06-16 21:01:52.403 [info] Got 1 sessions for read:user,repo,user:email,workflow...
2025-06-16 21:02:03.975 [info] Getting sessions for all scopes...
2025-06-16 21:02:03.975 [info] Got 6 sessions for ...
2025-06-16 21:02:04.231 [info] Getting sessions for read:user,repo,user:email,workflow...
2025-06-16 21:02:04.231 [info] Got 1 sessions for read:user,repo,user:email,workflow...
2025-06-16 21:02:04.465 [info] Getting sessions for all scopes...
2025-06-16 21:02:04.465 [info] Got 6 sessions for ...
2025-06-16 21:02:04.671 [info] Getting sessions for read:user,repo,user:email,workflow...
2025-06-16 21:02:04.671 [info] Got 1 sessions for read:user,repo,user:email,workflow...
2025-06-16 21:02:12.765 [info] Getting sessions for all scopes...
2025-06-16 21:02:12.765 [info] Got 6 sessions for ...
2025-06-16 21:02:12.985 [info] Getting sessions for read:user,repo,user:email,workflow...
2025-06-16 21:02:12.986 [info] Got 1 sessions for read:user,repo,user:email,workflow...
2025-06-16 21:02:15.285 [info] Getting sessions for all scopes...
2025-06-16 21:02:15.285 [info] Got 6 sessions for ...
2025-06-16 21:02:15.487 [info] Getting sessions for read:user,repo,user:email,workflow...
2025-06-16 21:02:15.487 [info] Got 1 sessions for read:user,repo,user:email,workflow...
2025-06-16 21:02:26.367 [info] Getting sessions for all scopes...
2025-06-16 21:02:26.367 [info] Got 6 sessions for ...
2025-06-16 21:02:26.618 [info] Getting sessions for read:user,repo,user:email,workflow...
2025-06-16 21:02:26.618 [info] Got 1 sessions for read:user,repo,user:email,workflow...
2025-06-16 21:02:29.137 [info] Getting sessions for all scopes...
2025-06-16 21:02:29.137 [info] Got 6 sessions for ...
2025-06-16 21:02:29.342 [info] Getting sessions for read:user,repo,user:email,workflow...
2025-06-16 21:02:29.342 [info] Got 1 sessions for read:user,repo,user:email,workflow...
2025-06-16 21:03:05.505 [info] Getting sessions for all scopes...
2025-06-16 21:03:05.505 [info] Got 6 sessions for ...
2025-06-16 21:03:05.718 [info] Getting sessions for read:user,repo,user:email,workflow...
2025-06-16 21:03:05.718 [info] Got 1 sessions for read:user,repo,user:email,workflow...
2025-06-16 21:03:11.056 [info] Getting sessions for all scopes...
2025-06-16 21:03:11.056 [info] Got 6 sessions for ...
2025-06-16 21:03:11.250 [info] Getting sessions for read:user,repo,user:email,workflow...
2025-06-16 21:03:11.250 [info] Got 1 sessions for read:user,repo,user:email,workflow...
2025-06-16 21:03:20.797 [info] Getting sessions for all scopes...
2025-06-16 21:03:20.797 [info] Got 6 sessions for ...
2025-06-16 21:03:21.037 [info] Getting sessions for read:user,repo,user:email,workflow...
2025-06-16 21:03:21.037 [info] Got 1 sessions for read:user,repo,user:email,workflow...
2025-06-16 21:04:22.999 [info] Getting sessions for all scopes...
2025-06-16 21:04:22.999 [info] Got 6 sessions for ...
2025-06-16 21:04:24.516 [info] Getting sessions for read:user,repo,user:email,workflow...
2025-06-16 21:04:24.516 [info] Got 1 sessions for read:user,repo,user:email,workflow...
2025-06-16 21:04:48.092 [info] Getting sessions for all scopes...
2025-06-16 21:04:48.092 [info] Got 6 sessions for ...
2025-06-16 21:04:48.315 [info] Getting sessions for read:user,repo,user:email,workflow...
2025-06-16 21:04:48.315 [info] Got 1 sessions for read:user,repo,user:email,workflow...
